TN:
SF:I:\Desktop\batizhelpdesk\batizdeskhelp-db\index.js
FN:19,(anonymous_0)
FNF:1
FNH:1
FNDA:9,(anonymous_0)
DA:3,9
DA:4,9
DA:5,9
DA:6,9
DA:7,9
DA:8,9
DA:9,9
DA:10,9
DA:12,9
DA:13,9
DA:14,9
DA:15,9
DA:16,9
DA:17,9
DA:19,9
DA:20,9
DA:32,9
DA:33,9
DA:34,9
DA:35,9
DA:36,9
DA:37,9
DA:38,9
DA:40,9
DA:41,9
DA:43,9
DA:48,9
DA:50,9
DA:51,0
DA:56,9
DA:57,9
DA:58,9
DA:59,9
DA:60,9
DA:61,9
DA:63,9
LF:36
LH:35
BRDA:50,0,0,0
BRDA:50,0,1,9
BRF:2
BRH:1
end_of_record
TN:
SF:I:\Desktop\batizhelpdesk\batizdeskhelp-db\lib\area.js
FN:3,setupArea
FN:4,createOrUpdate
FN:22,findAll
FN:26,findById
FN:30,findByArea
FN:38,deleteArea
FNF:6
FNH:1
FNDA:9,setupArea
FNDA:0,createOrUpdate
FNDA:0,findAll
FNDA:0,findById
FNDA:0,findByArea
FNDA:0,deleteArea
DA:3,1
DA:5,0
DA:11,0
DA:13,0
DA:14,0
DA:15,0
DA:18,0
DA:19,0
DA:23,0
DA:27,0
DA:31,0
DA:39,0
DA:46,9
LF:13
LH:2
BRDA:13,0,0,0
BRDA:13,0,1,0
BRDA:15,1,0,0
BRDA:15,1,1,0
BRF:4
BRH:0
end_of_record
TN:
SF:I:\Desktop\batizhelpdesk\batizdeskhelp-db\lib\config.js
FN:3,setupConfig
FN:4,createOrUpdate
FN:22,findAll
FN:26,findById
FN:30,findByConfig
FN:38,deleteOne
FNF:6
FNH:1
FNDA:9,setupConfig
FNDA:0,createOrUpdate
FNDA:0,findAll
FNDA:0,findById
FNDA:0,findByConfig
FNDA:0,deleteOne
DA:3,1
DA:5,0
DA:11,0
DA:13,0
DA:14,0
DA:15,0
DA:18,0
DA:19,0
DA:23,0
DA:27,0
DA:31,0
DA:39,0
DA:46,9
LF:13
LH:2
BRDA:13,0,0,0
BRDA:13,0,1,0
BRDA:15,1,0,0
BRDA:15,1,1,0
BRF:4
BRH:0
end_of_record
TN:
SF:I:\Desktop\batizhelpdesk\batizdeskhelp-db\lib\db.js
FN:6,setupDatabase
FNF:1
FNH:1
FNDA:63,setupDatabase
DA:3,1
DA:4,1
DA:6,1
DA:7,63
DA:8,1
DA:10,63
LF:6
LH:6
BRDA:7,0,0,1
BRDA:7,0,1,62
BRF:2
BRH:2
end_of_record
TN:
SF:I:\Desktop\batizhelpdesk\batizdeskhelp-db\lib\permission.js
FN:3,setupPermission
FN:4,createOrUpdate
FN:23,findAll
FN:27,findById
FN:31,findByPermission
FN:39,deletePermission
FN:48,findByUsername
FNF:7
FNH:1
FNDA:9,setupPermission
FNDA:0,createOrUpdate
FNDA:0,findAll
FNDA:0,findById
FNDA:0,findByPermission
FNDA:0,deletePermission
FNDA:0,findByUsername
DA:3,1
DA:5,0
DA:12,0
DA:14,0
DA:15,0
DA:16,0
DA:19,0
DA:20,0
DA:24,0
DA:28,0
DA:32,0
DA:40,0
DA:49,0
DA:56,9
LF:14
LH:2
BRDA:14,0,0,0
BRDA:14,0,1,0
BRDA:16,1,0,0
BRDA:16,1,1,0
BRF:4
BRH:0
end_of_record
TN:
SF:I:\Desktop\batizhelpdesk\batizdeskhelp-db\lib\problem.js
FN:3,setupProblem
FN:7,createOrUpdate
FN:25,findByFolio
FN:33,findAll
FN:37,findAllCurrentActive
FN:45,findAllUncurrentActive
FN:53,findByUsername
FN:61,findByArea
FN:69,findByUsernameAndArea
FN:78,checkProblem
FN:89,deleteProblem
FNF:11
FNH:1
FNDA:9,setupProblem
FNDA:0,createOrUpdate
FNDA:0,findByFolio
FNDA:0,findAll
FNDA:0,findAllCurrentActive
FNDA:0,findAllUncurrentActive
FNDA:0,findByUsername
FNDA:0,findByArea
FNDA:0,findByUsernameAndArea
FNDA:0,checkProblem
FNDA:0,deleteProblem
DA:3,1
DA:4,9
DA:5,9
DA:8,0
DA:14,0
DA:16,0
DA:17,0
DA:18,0
DA:21,0
DA:22,0
DA:26,0
DA:34,0
DA:38,0
DA:46,0
DA:54,0
DA:62,0
DA:70,0
DA:80,0
DA:90,0
DA:97,9
LF:20
LH:4
BRDA:16,0,0,0
BRDA:16,0,1,0
BRDA:18,1,0,0
BRDA:18,1,1,0
BRF:4
BRH:0
end_of_record
TN:
SF:I:\Desktop\batizhelpdesk\batizdeskhelp-db\lib\status.js
FN:3,setupStatus
FN:5,createOrUpdate
FN:24,findAll
FN:28,findOne
FNF:4
FNH:1
FNDA:9,setupStatus
FNDA:0,createOrUpdate
FNDA:0,findAll
FNDA:0,findOne
DA:3,1
DA:6,0
DA:12,0
DA:14,0
DA:15,0
DA:16,0
DA:19,0
DA:20,0
DA:25,0
DA:29,0
DA:36,9
LF:11
LH:2
BRDA:14,0,0,0
BRDA:14,0,1,0
BRDA:16,1,0,0
BRDA:16,1,1,0
BRF:4
BRH:0
end_of_record
TN:
SF:I:\Desktop\batizhelpdesk\batizdeskhelp-db\lib\user.js
FN:3,setupUser
FN:5,createOrUpdate
FN:23,findAll
FN:27,findById
FN:31,findByUserName
FN:39,validPassword
FN:45,findByEmail
FN:53,deleteUser
FNF:8
FNH:1
FNDA:9,setupUser
FNDA:0,createOrUpdate
FNDA:0,findAll
FNDA:0,findById
FNDA:0,findByUserName
FNDA:0,validPassword
FNDA:0,findByEmail
FNDA:0,deleteUser
DA:3,1
DA:6,0
DA:12,0
DA:14,0
DA:15,0
DA:16,0
DA:19,0
DA:20,0
DA:24,0
DA:28,0
DA:32,0
DA:40,0
DA:41,0
DA:42,0
DA:46,0
DA:54,0
DA:60,9
LF:17
LH:2
BRDA:14,0,0,0
BRDA:14,0,1,0
BRDA:16,1,0,0
BRDA:16,1,1,0
BRF:4
BRH:0
end_of_record
TN:
SF:I:\Desktop\batizhelpdesk\batizdeskhelp-db\models\area.js
FN:6,setupAreaModel
FNF:1
FNH:1
FNDA:9,setupAreaModel
DA:3,1
DA:4,1
DA:6,1
DA:7,9
DA:9,9
LF:5
LH:5
BRF:0
BRH:0
end_of_record
TN:
SF:I:\Desktop\batizhelpdesk\batizdeskhelp-db\models\config.js
FN:6,setupConfigModel
FNF:1
FNH:1
FNDA:9,setupConfigModel
DA:3,1
DA:4,1
DA:6,1
DA:7,9
DA:9,9
LF:5
LH:5
BRF:0
BRH:0
end_of_record
TN:
SF:I:\Desktop\batizhelpdesk\batizdeskhelp-db\models\permission.js
FN:6,setupRoleModel
FNF:1
FNH:1
FNDA:9,setupRoleModel
DA:3,1
DA:4,1
DA:6,1
DA:7,9
DA:9,9
LF:5
LH:5
BRF:0
BRH:0
end_of_record
TN:
SF:I:\Desktop\batizhelpdesk\batizdeskhelp-db\models\problem.js
FN:6,setupProblemModel
FNF:1
FNH:1
FNDA:9,setupProblemModel
DA:3,1
DA:4,1
DA:6,1
DA:7,9
DA:9,9
LF:5
LH:5
BRF:0
BRH:0
end_of_record
TN:
SF:I:\Desktop\batizhelpdesk\batizdeskhelp-db\models\status.js
FN:6,setupStatusModel
FNF:1
FNH:1
FNDA:9,setupStatusModel
DA:3,1
DA:4,1
DA:6,1
DA:7,9
DA:9,9
LF:5
LH:5
BRF:0
BRH:0
end_of_record
TN:
SF:I:\Desktop\batizhelpdesk\batizdeskhelp-db\models\user.js
FN:9,setupUserModel
FN:38,(anonymous_1)
FN:42,(anonymous_2)
FN:46,(anonymous_3)
FN:52,(anonymous_4)
FNF:5
FNH:1
FNDA:9,setupUserModel
FNDA:0,(anonymous_1)
FNDA:0,(anonymous_2)
FNDA:0,(anonymous_3)
FNDA:0,(anonymous_4)
DA:3,1
DA:4,1
DA:5,1
DA:6,1
DA:9,1
DA:10,9
DA:12,9
DA:39,0
DA:40,0
DA:43,0
DA:44,0
DA:47,0
DA:48,0
DA:53,0
LF:14
LH:7
BRF:0
BRH:0
end_of_record
TN:
SF:I:\Desktop\batizhelpdesk\batizdeskhelp-db\tests\agent-test.js
FN:46,(anonymous_4)
FN:78,(anonymous_5)
FN:79,(anonymous_6)
FN:85,(anonymous_7)
FN:89,(anonymous_8)
FN:93,(anonymous_9)
FN:100,(anonymous_10)
FN:110,(anonymous_11)
FN:120,(anonymous_12)
FN:131,(anonymous_13)
FN:142,(anonymous_14)
FN:153,(anonymous_15)
FN:166,(anonymous_16)
FNF:13
FNH:10
FNDA:9,(anonymous_4)
FNDA:0,(anonymous_5)
FNDA:0,(anonymous_6)
FNDA:0,(anonymous_7)
FNDA:1,(anonymous_8)
FNDA:1,(anonymous_9)
FNDA:1,(anonymous_10)
FNDA:1,(anonymous_11)
FNDA:1,(anonymous_12)
FNDA:1,(anonymous_13)
FNDA:1,(anonymous_14)
FNDA:1,(anonymous_15)
FNDA:1,(anonymous_16)
DA:3,1
DA:4,1
DA:5,1
DA:7,1
DA:9,1
DA:13,1
DA:17,1
DA:18,1
DA:19,1
DA:20,1
DA:21,1
DA:23,1
DA:25,1
DA:29,1
DA:33,1
DA:37,1
DA:46,1
DA:47,9
DA:49,9
DA:54,9
DA:55,9
DA:56,0
DA:60,9
DA:61,9
DA:64,9
DA:65,9
DA:68,9
DA:69,9
DA:72,9
DA:73,9
DA:74,9
DA:75,9
DA:77,9
DA:78,0
DA:79,0
DA:82,9
DA:85,1
DA:86,0
DA:89,1
DA:90,1
DA:93,4
DA:94,1
DA:95,1
DA:96,1
DA:97,1
DA:100,3
DA:101,1
DA:103,0
DA:104,0
DA:105,0
DA:107,0
DA:110,3
DA:111,1
DA:113,0
DA:114,0
DA:115,0
DA:117,0
DA:120,3
DA:121,1
DA:123,0
DA:124,0
DA:125,0
DA:127,0
DA:128,0
DA:131,3
DA:132,1
DA:134,0
DA:135,0
DA:136,0
DA:138,0
DA:139,0
DA:142,3
DA:143,1
DA:145,0
DA:146,0
DA:147,0
DA:149,0
DA:150,0
DA:153,6
DA:154,1
DA:156,0
DA:157,0
DA:158,0
DA:159,0
DA:160,0
DA:161,0
DA:163,0
DA:166,6
DA:167,1
DA:169,0
DA:170,0
DA:171,0
DA:174,0
DA:175,0
DA:176,0
DA:178,0
LF:96
LH:55
BRDA:86,0,0,0
BRDA:86,0,1,0
BRF:2
BRH:0
end_of_record
TN:
SF:I:\Desktop\batizhelpdesk\batizdeskhelp-db\tests\fixtures\agent.js
FN:22,extend
FN:30,(anonymous_1)
FN:31,(anonymous_2)
FN:32,(anonymous_3)
FN:32,(anonymous_4)
FN:33,(anonymous_5)
FN:33,(anonymous_6)
FNF:7
FNH:7
FNDA:3,extend
FNDA:4,(anonymous_1)
FNDA:4,(anonymous_2)
FNDA:9,(anonymous_3)
FNDA:36,(anonymous_4)
FNDA:9,(anonymous_5)
FNDA:36,(anonymous_6)
DA:3,1
DA:15,1
DA:23,3
DA:24,3
DA:27,1
DA:30,4
DA:31,4
DA:32,36
DA:33,36
LF:9
LH:9
BRF:0
BRH:0
end_of_record
